[2022-11-27T00:35:24.970] [ERROR] error - RestException [Error]: Authenticate
    at success (C:\Users\Tomy puto\Desktop\heroku\node_modules\twilio\lib\base\Version.js:135:15)
    at Promise_then_fulfilled (C:\Users\Tomy puto\Desktop\heroku\node_modules\q\q.js:766:44)
    at Promise_done_fulfilled (C:\Users\Tomy puto\Desktop\heroku\node_modules\q\q.js:835:31)
    at Fulfilled.Fulfilled_dispatch [as dispatch] (C:\Users\Tomy puto\Desktop\heroku\node_modules\q\q.js:1229:9)
    at Pending_become_eachMessage_task (C:\Users\Tomy puto\Desktop\heroku\node_modules\q\q.js:1369:30)
    at RawTask.call (C:\Users\Tomy puto\Desktop\heroku\node_modules\asap\asap.js:40:19)
    at flush (C:\Users\Tomy puto\Desktop\heroku\node_modules\asap\raw.js:50:29)
    at process.processTicksAndRejections (node:internal/process/task_queues:77:11) {
  status: 401,
  code: 20003,
  moreInfo: 'https://www.twilio.com/docs/errors/20003',
  details: undefined
}
[2022-11-27T00:37:36.202] [ERROR] error - MongooseError: Query was already executed: User.findOne({ email: 'matias.yo@hotmail.it' })
    at model.Query._wrappedThunk [as _findOne] (C:\Users\Tomy puto\Desktop\heroku\node_modules\mongoose\lib\helpers\query\wrapThunk.js:23:19)
    at C:\Users\Tomy puto\Desktop\heroku\node_modules\kareem\index.js:426:25
    at process.processTicksAndRejections (node:internal/process/task_queues:77:11) {
  originalStack: 'Error\n' +
    '    at model.Query._wrappedThunk [as _findOne] (C:\\Users\\Tomy puto\\Desktop\\heroku\\node_modules\\mongoose\\lib\\helpers\\query\\wrapThunk.js:27:28)\n' +
    '    at C:\\Users\\Tomy puto\\Desktop\\heroku\\node_modules\\kareem\\index.js:426:25\n' +
    '    at process.processTicksAndRejections (node:internal/process/task_queues:77:11)'
}
[2022-11-27T00:38:06.667] [ERROR] error - RestException [Error]: Authenticate
    at success (C:\Users\Tomy puto\Desktop\heroku\node_modules\twilio\lib\base\Version.js:135:15)
    at Promise_then_fulfilled (C:\Users\Tomy puto\Desktop\heroku\node_modules\q\q.js:766:44)
    at Promise_done_fulfilled (C:\Users\Tomy puto\Desktop\heroku\node_modules\q\q.js:835:31)
    at Fulfilled.Fulfilled_dispatch [as dispatch] (C:\Users\Tomy puto\Desktop\heroku\node_modules\q\q.js:1229:9)
    at Pending_become_eachMessage_task (C:\Users\Tomy puto\Desktop\heroku\node_modules\q\q.js:1369:30)
    at RawTask.call (C:\Users\Tomy puto\Desktop\heroku\node_modules\asap\asap.js:40:19)
    at flush (C:\Users\Tomy puto\Desktop\heroku\node_modules\asap\raw.js:50:29)
    at process.processTicksAndRejections (node:internal/process/task_queues:77:11) {
  status: 401,
  code: 20003,
  moreInfo: 'https://www.twilio.com/docs/errors/20003',
  details: undefined
}
[2022-12-04T15:53:44.854] [ERROR] error - CastError: Cast to ObjectId failed for value "asds" (type string) at path "_id" for model "User"
    at model.Query.exec (C:\Users\Tomy puto\Desktop\graphql_desafio\node_modules\mongoose\lib\query.js:4891:21)
    at Query.then (C:\Users\Tomy puto\Desktop\graphql_desafio\node_modules\mongoose\lib\query.js:4990:15)
    at process.processTicksAndRejections (node:internal/process/task_queues:95:5) {
  messageFormat: undefined,
  stringValue: '"asds"',
  kind: 'ObjectId',
  value: 'asds',
  path: '_id',
  reason: BSONTypeError: Argument passed in must be a string of 12 bytes or a string of 24 hex characters or an integer
      at new BSONTypeError (C:\Users\Tomy puto\Desktop\graphql_desafio\node_modules\bson\lib\error.js:41:28)
      at new ObjectId (C:\Users\Tomy puto\Desktop\graphql_desafio\node_modules\bson\lib\objectid.js:67:23)
      at castObjectId (C:\Users\Tomy puto\Desktop\graphql_desafio\node_modules\mongoose\lib\cast\objectid.js:25:12)
      at ObjectId.cast (C:\Users\Tomy puto\Desktop\graphql_desafio\node_modules\mongoose\lib\schema\objectid.js:246:12)
      at SchemaType.applySetters (C:\Users\Tomy puto\Desktop\graphql_desafio\node_modules\mongoose\lib\schematype.js:1201:12)
      at SchemaType._castForQuery (C:\Users\Tomy puto\Desktop\graphql_desafio\node_modules\mongoose\lib\schematype.js:1648:15)
      at SchemaType.castForQuery (C:\Users\Tomy puto\Desktop\graphql_desafio\node_modules\mongoose\lib\schematype.js:1636:15)
      at SchemaType.castForQueryWrapper (C:\Users\Tomy puto\Desktop\graphql_desafio\node_modules\mongoose\lib\schematype.js:1612:20)
      at cast (C:\Users\Tomy puto\Desktop\graphql_desafio\node_modules\mongoose\lib\cast.js:342:32)
      at Query.cast (C:\Users\Tomy puto\Desktop\graphql_desafio\node_modules\mongoose\lib\query.js:5319:12),
  valueType: 'string'
}
[2022-12-04T15:54:31.019] [ERROR] error - CastError: Cast to ObjectId failed for value "asds" (type string) at path "_id" for model "User"
    at model.Query.exec (C:\Users\Tomy puto\Desktop\graphql_desafio\node_modules\mongoose\lib\query.js:4891:21)
    at Query.then (C:\Users\Tomy puto\Desktop\graphql_desafio\node_modules\mongoose\lib\query.js:4990:15)
    at process.processTicksAndRejections (node:internal/process/task_queues:95:5) {
  messageFormat: undefined,
  stringValue: '"asds"',
  kind: 'ObjectId',
  value: 'asds',
  path: '_id',
  reason: BSONTypeError: Argument passed in must be a string of 12 bytes or a string of 24 hex characters or an integer
      at new BSONTypeError (C:\Users\Tomy puto\Desktop\graphql_desafio\node_modules\bson\lib\error.js:41:28)
      at new ObjectId (C:\Users\Tomy puto\Desktop\graphql_desafio\node_modules\bson\lib\objectid.js:67:23)
      at castObjectId (C:\Users\Tomy puto\Desktop\graphql_desafio\node_modules\mongoose\lib\cast\objectid.js:25:12)
      at ObjectId.cast (C:\Users\Tomy puto\Desktop\graphql_desafio\node_modules\mongoose\lib\schema\objectid.js:246:12)
      at SchemaType.applySetters (C:\Users\Tomy puto\Desktop\graphql_desafio\node_modules\mongoose\lib\schematype.js:1201:12)
      at SchemaType._castForQuery (C:\Users\Tomy puto\Desktop\graphql_desafio\node_modules\mongoose\lib\schematype.js:1648:15)
      at SchemaType.castForQuery (C:\Users\Tomy puto\Desktop\graphql_desafio\node_modules\mongoose\lib\schematype.js:1636:15)
      at SchemaType.castForQueryWrapper (C:\Users\Tomy puto\Desktop\graphql_desafio\node_modules\mongoose\lib\schematype.js:1612:20)
      at cast (C:\Users\Tomy puto\Desktop\graphql_desafio\node_modules\mongoose\lib\cast.js:342:32)
      at Query.cast (C:\Users\Tomy puto\Desktop\graphql_desafio\node_modules\mongoose\lib\query.js:5319:12),
  valueType: 'string'
}
[2022-12-04T15:54:32.523] [ERROR] error - CastError: Cast to ObjectId failed for value "asds" (type string) at path "_id" for model "User"
    at model.Query.exec (C:\Users\Tomy puto\Desktop\graphql_desafio\node_modules\mongoose\lib\query.js:4891:21)
    at Query.then (C:\Users\Tomy puto\Desktop\graphql_desafio\node_modules\mongoose\lib\query.js:4990:15)
    at process.processTicksAndRejections (node:internal/process/task_queues:95:5) {
  messageFormat: undefined,
  stringValue: '"asds"',
  kind: 'ObjectId',
  value: 'asds',
  path: '_id',
  reason: BSONTypeError: Argument passed in must be a string of 12 bytes or a string of 24 hex characters or an integer
      at new BSONTypeError (C:\Users\Tomy puto\Desktop\graphql_desafio\node_modules\bson\lib\error.js:41:28)
      at new ObjectId (C:\Users\Tomy puto\Desktop\graphql_desafio\node_modules\bson\lib\objectid.js:67:23)
      at castObjectId (C:\Users\Tomy puto\Desktop\graphql_desafio\node_modules\mongoose\lib\cast\objectid.js:25:12)
      at ObjectId.cast (C:\Users\Tomy puto\Desktop\graphql_desafio\node_modules\mongoose\lib\schema\objectid.js:246:12)
      at SchemaType.applySetters (C:\Users\Tomy puto\Desktop\graphql_desafio\node_modules\mongoose\lib\schematype.js:1201:12)
      at SchemaType._castForQuery (C:\Users\Tomy puto\Desktop\graphql_desafio\node_modules\mongoose\lib\schematype.js:1648:15)
      at SchemaType.castForQuery (C:\Users\Tomy puto\Desktop\graphql_desafio\node_modules\mongoose\lib\schematype.js:1636:15)
      at SchemaType.castForQueryWrapper (C:\Users\Tomy puto\Desktop\graphql_desafio\node_modules\mongoose\lib\schematype.js:1612:20)
      at cast (C:\Users\Tomy puto\Desktop\graphql_desafio\node_modules\mongoose\lib\cast.js:342:32)
      at Query.cast (C:\Users\Tomy puto\Desktop\graphql_desafio\node_modules\mongoose\lib\query.js:5319:12),
  valueType: 'string'
}
[2022-12-04T15:54:34.542] [ERROR] error - CastError: Cast to ObjectId failed for value "asds" (type string) at path "_id" for model "User"
    at model.Query.exec (C:\Users\Tomy puto\Desktop\graphql_desafio\node_modules\mongoose\lib\query.js:4891:21)
    at Query.then (C:\Users\Tomy puto\Desktop\graphql_desafio\node_modules\mongoose\lib\query.js:4990:15)
    at process.processTicksAndRejections (node:internal/process/task_queues:95:5) {
  messageFormat: undefined,
  stringValue: '"asds"',
  kind: 'ObjectId',
  value: 'asds',
  path: '_id',
  reason: BSONTypeError: Argument passed in must be a string of 12 bytes or a string of 24 hex characters or an integer
      at new BSONTypeError (C:\Users\Tomy puto\Desktop\graphql_desafio\node_modules\bson\lib\error.js:41:28)
      at new ObjectId (C:\Users\Tomy puto\Desktop\graphql_desafio\node_modules\bson\lib\objectid.js:67:23)
      at castObjectId (C:\Users\Tomy puto\Desktop\graphql_desafio\node_modules\mongoose\lib\cast\objectid.js:25:12)
      at ObjectId.cast (C:\Users\Tomy puto\Desktop\graphql_desafio\node_modules\mongoose\lib\schema\objectid.js:246:12)
      at SchemaType.applySetters (C:\Users\Tomy puto\Desktop\graphql_desafio\node_modules\mongoose\lib\schematype.js:1201:12)
      at SchemaType._castForQuery (C:\Users\Tomy puto\Desktop\graphql_desafio\node_modules\mongoose\lib\schematype.js:1648:15)
      at SchemaType.castForQuery (C:\Users\Tomy puto\Desktop\graphql_desafio\node_modules\mongoose\lib\schematype.js:1636:15)
      at SchemaType.castForQueryWrapper (C:\Users\Tomy puto\Desktop\graphql_desafio\node_modules\mongoose\lib\schematype.js:1612:20)
      at cast (C:\Users\Tomy puto\Desktop\graphql_desafio\node_modules\mongoose\lib\cast.js:342:32)
      at Query.cast (C:\Users\Tomy puto\Desktop\graphql_desafio\node_modules\mongoose\lib\query.js:5319:12),
  valueType: 'string'
}
